# JRE version: Java(TM) SE Runtime Environment (8.0_60-b27) (build 1.8.0_60-b27)
# Java VM: Java HotSpot(TM) 64-Bit Server VM (25.60-b23 mixed mode windows-amd64 compressed oops)
Heap:
 PSYoungGen      total 105472K, used 21673K [0x00000000e1180000, 0x00000000ee080000, 0x0000000100000000)
  eden space 98304K, 15% used [0x00000000e1180000,0x00000000e20aafd0,0x00000000e7180000)
  from space 7168K, 85% used [0x00000000e7180000,0x00000000e777f490,0x00000000e7880000)
  to   space 7680K, 0% used [0x00000000ed900000,0x00000000ed900000,0x00000000ee080000)
 ParOldGen       total 64512K, used 6504K [0x00000000a3400000, 0x00000000a7300000, 0x00000000e1180000)
  object space 64512K, 10% used [0x00000000a3400000,0x00000000a3a5a350,0x00000000a7300000)
 Metaspace       used 10945K, capacity 11126K, committed 11392K, reserved 1058816K
  class space    used 1241K, capacity 1317K, committed 1408K, reserved 1048576K
GC Heap History (10 events):
Event: 8.037 GC heap before
{Heap before GC invocations=3 (full 0):
 PSYoungGen      total 28160K, used 26428K [0x00000000e1180000, 0x00000000e3080000, 0x0000000100000000)
  eden space 24576K, 95% used [0x00000000e1180000,0x00000000e2862a30,0x00000000e2980000)
  from space 3584K, 83% used [0x00000000e2d00000,0x00000000e2fec9b8,0x00000000e3080000)
  to   space 3584K, 0% used [0x00000000e2980000,0x00000000e2980000,0x00000000e2d00000)
 ParOldGen       total 64512K, used 865K [0x00000000a3400000, 0x00000000a7300000, 0x00000000e1180000)
  object space 64512K, 1% used [0x00000000a3400000,0x00000000a34d8408,0x00000000a7300000)
 Metaspace       used 10895K, capacity 11062K, committed 11392K, reserved 1058816K
  class space    used 1241K, capacity 1317K, committed 1408K, reserved 1048576K
Event: 8.048 GC heap after
Heap after GC invocations=3 (full 0):
 PSYoungGen      total 28160K, used 3225K [0x00000000e1180000, 0x00000000e4880000, 0x0000000100000000)
  eden space 24576K, 0% used [0x00000000e1180000,0x00000000e1180000,0x00000000e2980000)
  from space 3584K, 89% used [0x00000000e2980000,0x00000000e2ca6620,0x00000000e2d00000)
  to   space 3584K, 0% used [0x00000000e4500000,0x00000000e4500000,0x00000000e4880000)
 ParOldGen       total 64512K, used 873K [0x00000000a3400000, 0x00000000a7300000, 0x00000000e1180000)
  object space 64512K, 1% used [0x00000000a3400000,0x00000000a34da408,0x00000000a7300000)
 Metaspace       used 10895K, capacity 11062K, committed 11392K, reserved 1058816K
  class space    used 1241K, capacity 1317K, committed 1408K, reserved 1048576K
}
Event: 8.630 GC heap before
{Heap before GC invocations=4 (full 0):
 PSYoungGen      total 28160K, used 26398K [0x00000000e1180000, 0x00000000e4880000, 0x0000000100000000)
  eden space 24576K, 94% used [0x00000000e1180000,0x00000000e2821590,0x00000000e2980000)
  from space 3584K, 89% used [0x00000000e2980000,0x00000000e2ca6620,0x00000000e2d00000)
  to   space 3584K, 0% used [0x00000000e4500000,0x00000000e4500000,0x00000000e4880000)
 ParOldGen       total 64512K, used 873K [0x00000000a3400000, 0x00000000a7300000, 0x00000000e1180000)
  object space 64512K, 1% used [0x00000000a3400000,0x00000000a34da408,0x00000000a7300000)
 Metaspace       used 10901K, capacity 11062K, committed 11392K, reserved 1058816K
  class space    used 1241K, capacity 1317K, committed 1408K, reserved 1048576K
Event: 8.637 GC heap after
Heap after GC invocations=4 (full 0):
 PSYoungGen      total 52736K, used 3355K [0x00000000e1180000, 0x00000000e4880000, 0x0000000100000000)
  eden space 49152K, 0% used [0x00000000e1180000,0x00000000e1180000,0x00000000e4180000)
  from space 3584K, 93% used [0x00000000e4500000,0x00000000e4846e38,0x00000000e4880000)
  to   space 3584K, 0% used [0x00000000e4180000,0x00000000e4180000,0x00000000e4500000)
 ParOldGen       total 64512K, used 881K [0x00000000a3400000, 0x00000000a7300000, 0x00000000e1180000)
  object space 64512K, 1% used [0x00000000a3400000,0x00000000a34dc408,0x00000000a7300000)
 Metaspace       used 10901K, capacity 11062K, committed 11392K, reserved 1058816K
  class space    used 1241K, capacity 1317K, committed 1408K, reserved 1048576K
}
Event: 9.103 GC heap before
{Heap before GC invocations=5 (full 0):
 PSYoungGen      total 52736K, used 52419K [0x00000000e1180000, 0x00000000e4880000, 0x0000000100000000)
  eden space 49152K, 99% used [0x00000000e1180000,0x00000000e416a0d0,0x00000000e4180000)
  from space 3584K, 93% used [0x00000000e4500000,0x00000000e4846e38,0x00000000e4880000)
  to   space 3584K, 0% used [0x00000000e4180000,0x00000000e4180000,0x00000000e4500000)
 ParOldGen       total 64512K, used 881K [0x00000000a3400000, 0x00000000a7300000, 0x00000000e1180000)
  object space 64512K, 1% used [0x00000000a3400000,0x00000000a34dc408,0x00000000a7300000)
 Metaspace       used 10904K, capacity 11062K, committed 11392K, reserved 1058816K
  class space    used 1241K, capacity 1317K, committed 1408K, reserved 1048576K
Event: 9.124 GC heap after
Heap after GC invocations=5 (full 0):
 PSYoungGen      total 52736K, used 3560K [0x00000000e1180000, 0x00000000e7f80000, 0x0000000100000000)
  eden space 49152K, 0% used [0x00000000e1180000,0x00000000e1180000,0x00000000e4180000)
  from space 3584K, 99% used [0x00000000e4180000,0x00000000e44fa0f0,0x00000000e4500000)
  to   space 7168K, 0% used [0x00000000e7880000,0x00000000e7880000,0x00000000e7f80000)
 ParOldGen       total 64512K, used 4877K [0x00000000a3400000, 0x00000000a7300000, 0x00000000e1180000)
  object space 64512K, 7% used [0x00000000a3400000,0x00000000a38c35b8,0x00000000a7300000)
 Metaspace       used 10904K, capacity 11062K, committed 11392K, reserved 1058816K
  class space    used 1241K, capacity 1317K, committed 1408K, reserved 1048576K
}
Event: 9.678 GC heap before
{Heap before GC invocations=6 (full 0):
 PSYoungGen      total 52736K, used 51124K [0x00000000e1180000, 0x00000000e7f80000, 0x0000000100000000)
  eden space 49152K, 96% used [0x00000000e1180000,0x00000000e3ff2f78,0x00000000e4180000)
  from space 3584K, 99% used [0x00000000e4180000,0x00000000e44fa0f0,0x00000000e4500000)
  to   space 7168K, 0% used [0x00000000e7880000,0x00000000e7880000,0x00000000e7f80000)
 ParOldGen       total 64512K, used 4877K [0x00000000a3400000, 0x00000000a7300000, 0x00000000e1180000)
  object space 64512K, 7% used [0x00000000a3400000,0x00000000a38c35b8,0x00000000a7300000)
 Metaspace       used 10918K, capacity 11062K, committed 11392K, reserved 1058816K
  class space    used 1241K, capacity 1317K, committed 1408K, reserved 1048576K
Event: 9.691 GC heap after
Heap after GC invocations=6 (full 0):
 PSYoungGen      total 105472K, used 3781K [0x00000000e1180000, 0x00000000e7f80000, 0x0000000100000000)
  eden space 98304K, 0% used [0x00000000e1180000,0x00000000e1180000,0x00000000e7180000)
  from space 7168K, 52% used [0x00000000e7880000,0x00000000e7c31410,0x00000000e7f80000)
  to   space 7168K, 0% used [0x00000000e7180000,0x00000000e7180000,0x00000000e7880000)
 ParOldGen       total 64512K, used 4885K [0x00000000a3400000, 0x00000000a7300000, 0x00000000e1180000)
  object space 64512K, 7% used [0x00000000a3400000,0x00000000a38c55b8,0x00000000a7300000)
 Metaspace       used 10918K, capacity 11062K, committed 11392K, reserved 1058816K
  class space    used 1241K, capacity 1317K, committed 1408K, reserved 1048576K
}
Event: 11.881 GC heap before
{Heap before GC invocations=7 (full 0):
 PSYoungGen      total 105472K, used 101027K [0x00000000e1180000, 0x00000000e7f80000, 0x0000000100000000)
  eden space 98304K, 98% used [0x00000000e1180000,0x00000000e7077b68,0x00000000e7180000)
  from space 7168K, 52% used [0x00000000e7880000,0x00000000e7c31410,0x00000000e7f80000)
  to   space 7168K, 0% used [0x00000000e7180000,0x00000000e7180000,0x00000000e7880000)
 ParOldGen       total 64512K, used 4885K [0x00000000a3400000, 0x00000000a7300000, 0x00000000e1180000)
  object space 64512K, 7% used [0x00000000a3400000,0x00000000a38c55b8,0x00000000a7300000)
 Metaspace       used 10944K, capacity 11126K, committed 11392K, reserved 1058816K
  class space    used 1241K, capacity 1317K, committed 1408K, reserved 1048576K
Event: 11.908 GC heap after
Heap after GC invocations=7 (full 0):
 PSYoungGen      total 105472K, used 6141K [0x00000000e1180000, 0x00000000ee080000, 0x0000000100000000)
  eden space 98304K, 0% used [0x00000000e1180000,0x00000000e1180000,0x00000000e7180000)
  from space 7168K, 85% used [0x00000000e7180000,0x00000000e777f490,0x00000000e7880000)
  to   space 7680K, 0% used [0x00000000ed900000,0x00000000ed900000,0x00000000ee080000)
 ParOldGen       total 64512K, used 6504K [0x00000000a3400000, 0x00000000a7300000, 0x00000000e1180000)
  object space 64512K, 10% used [0x00000000a3400000,0x00000000a3a5a350,0x00000000a7300000)
 Metaspace       used 10944K, capacity 11126K, committed 11392K, reserved 1058816K
  class space    used 1241K, capacity 1317K, committed 1408K, reserved 1048576K
}

