# JRE version: Java(TM) SE Runtime Environment (8.0_60-b27) (build 1.8.0_60-b27)
# Java VM: Java HotSpot(TM) 64-Bit Server VM (25.60-b23 mixed mode windows-amd64 compressed oops)
Heap:
 PSYoungGen      total 28160K, used 2622K [0x00000000e1180000, 0x00000000e3080000, 0x0000000100000000)
  eden space 24576K, 10% used [0x00000000e1180000,0x00000000e140f808,0x00000000e2980000)
  from space 3584K, 0% used [0x00000000e2980000,0x00000000e2980000,0x00000000e2d00000)
  to   space 3584K, 0% used [0x00000000e2d00000,0x00000000e2d00000,0x00000000e3080000)
 ParOldGen       total 41472K, used 1520K [0x00000000a3400000, 0x00000000a5c80000, 0x00000000e1180000)
  object space 41472K, 3% used [0x00000000a3400000,0x00000000a357c2f8,0x00000000a5c80000)
 Metaspace       used 9277K, capacity 9418K, committed 9728K, reserved 1058816K
  class space    used 1145K, capacity 1221K, committed 1280K, reserved 1048576K
GC Heap History (4 events):
Event: 0.627 GC heap before
{Heap before GC invocations=1 (full 0):
 PSYoungGen      total 28160K, used 5408K [0x00000000e1180000, 0x00000000e3080000, 0x0000000100000000)
  eden space 24576K, 22% used [0x00000000e1180000,0x00000000e16c81d0,0x00000000e2980000)
  from space 3584K, 0% used [0x00000000e2d00000,0x00000000e2d00000,0x00000000e3080000)
  to   space 3584K, 0% used [0x00000000e2980000,0x00000000e2980000,0x00000000e2d00000)
 ParOldGen       total 64512K, used 0K [0x00000000a3400000, 0x00000000a7300000, 0x00000000e1180000)
  object space 64512K, 0% used [0x00000000a3400000,0x00000000a3400000,0x00000000a7300000)
 Metaspace       used 8926K, capacity 9066K, committed 9216K, reserved 1060864K
  class space    used 1097K, capacity 1189K, committed 1280K, reserved 1048576K
Event: 0.666 GC heap after
Heap after GC invocations=1 (full 0):
 PSYoungGen      total 28160K, used 1656K [0x00000000e1180000, 0x00000000e3080000, 0x0000000100000000)
  eden space 24576K, 0% used [0x00000000e1180000,0x00000000e1180000,0x00000000e2980000)
  from space 3584K, 46% used [0x00000000e2980000,0x00000000e2b1e010,0x00000000e2d00000)
  to   space 3584K, 0% used [0x00000000e2d00000,0x00000000e2d00000,0x00000000e3080000)
 ParOldGen       total 64512K, used 8K [0x00000000a3400000, 0x00000000a7300000, 0x00000000e1180000)
  object space 64512K, 0% used [0x00000000a3400000,0x00000000a3402000,0x00000000a7300000)
 Metaspace       used 8926K, capacity 9066K, committed 9216K, reserved 1060864K
  class space    used 1097K, capacity 1189K, committed 1280K, reserved 1048576K
}
Event: 0.666 GC heap before
{Heap before GC invocations=2 (full 1):
 PSYoungGen      total 28160K, used 1656K [0x00000000e1180000, 0x00000000e3080000, 0x0000000100000000)
  eden space 24576K, 0% used [0x00000000e1180000,0x00000000e1180000,0x00000000e2980000)
  from space 3584K, 46% used [0x00000000e2980000,0x00000000e2b1e010,0x00000000e2d00000)
  to   space 3584K, 0% used [0x00000000e2d00000,0x00000000e2d00000,0x00000000e3080000)
 ParOldGen       total 64512K, used 8K [0x00000000a3400000, 0x00000000a7300000, 0x00000000e1180000)
  object space 64512K, 0% used [0x00000000a3400000,0x00000000a3402000,0x00000000a7300000)
 Metaspace       used 8926K, capacity 9066K, committed 9216K, reserved 1060864K
  class space    used 1097K, capacity 1189K, committed 1280K, reserved 1048576K
Event: 0.734 GC heap after
Heap after GC invocations=2 (full 1):
 PSYoungGen      total 28160K, used 0K [0x00000000e1180000, 0x00000000e3080000, 0x0000000100000000)
  eden space 24576K, 0% used [0x00000000e1180000,0x00000000e1180000,0x00000000e2980000)
  from space 3584K, 0% used [0x00000000e2980000,0x00000000e2980000,0x00000000e2d00000)
  to   space 3584K, 0% used [0x00000000e2d00000,0x00000000e2d00000,0x00000000e3080000)
 ParOldGen       total 41472K, used 1520K [0x00000000a3400000, 0x00000000a5c80000, 0x00000000e1180000)
  object space 41472K, 3% used [0x00000000a3400000,0x00000000a357c2f8,0x00000000a5c80000)
 Metaspace       used 8926K, capacity 9066K, committed 9216K, reserved 1058816K
  class space    used 1097K, capacity 1189K, committed 1280K, reserved 1048576K
}

